app/build/intermediates/manifest_merge_blame_file/debug/manifest-merger-blame-debug-report.txt
1<?xml version="1.0" encoding="utf-8"?>
2<manifest xmlns:android="http://schemas.android.com/apk/res/android"
3    package="com.tinkerhub.livingphone"
4    android:versionCode="1"
5    android:versionName="1.0" >
6
7    <uses-sdk
8        android:minSdkVersion="26"
9        android:targetSdkVersion="34" />
10
11    <uses-permission android:name="android.permission.FOREGROUND_SERVICE" />
11-->src\main\AndroidManifest.xml:5:5-77
11-->src\main\AndroidManifest.xml:5:22-74
12    <uses-permission android:name="android.permission.FOREGROUND_SERVICE_SPECIAL_USE" />
12-->src\main\AndroidManifest.xml:6:5-89
12-->src\main\AndroidManifest.xml:6:22-86
13    <uses-permission android:name="android.permission.VIBRATE" />
13-->src\main\AndroidManifest.xml:7:5-66
13-->src\main\AndroidManifest.xml:7:22-63
14    <uses-permission android:name="android.permission.WAKE_LOCK" />
14-->src\main\AndroidManifest.xml:8:5-68
14-->src\main\AndroidManifest.xml:8:22-65
15    <uses-permission android:name="android.permission.RECEIVE_BOOT_COMPLETED" />
15-->src\main\AndroidManifest.xml:9:5-81
15-->src\main\AndroidManifest.xml:9:22-78
16    <uses-permission android:name="android.permission.POST_NOTIFICATIONS" />
16-->src\main\AndroidManifest.xml:10:5-77
16-->src\main\AndroidManifest.xml:10:22-74
17    <uses-permission android:name="android.permission.REQUEST_IGNORE_BATTERY_OPTIMIZATIONS" />
17-->src\main\AndroidManifest.xml:11:5-95
17-->src\main\AndroidManifest.xml:11:22-92
18
19    <permission
19-->[androidx.core:core:1.12.0] AndroidManifest.xml:22:5-24:47
20        android:name="com.tinkerhub.livingphone.DYNAMIC_RECEIVER_NOT_EXPORTED_PERMISSION"
20-->[androidx.core:core:1.12.0] AndroidManifest.xml:23:9-81
21        android:protectionLevel="signature" />
21-->[androidx.core:core:1.12.0] AndroidManifest.xml:24:9-44
22
23    <uses-permission android:name="com.tinkerhub.livingphone.DYNAMIC_RECEIVER_NOT_EXPORTED_PERMISSION" />
23-->[androidx.core:core:1.12.0] AndroidManifest.xml:26:5-97
23-->[androidx.core:core:1.12.0] AndroidManifest.xml:26:22-94
24
25    <application
25-->src\main\AndroidManifest.xml:13:5-52:19
26        android:allowBackup="true"
26-->src\main\AndroidManifest.xml:14:9-35
27        android:appComponentFactory="androidx.core.app.CoreComponentFactory"
27-->[androidx.core:core:1.12.0] AndroidManifest.xml:28:18-86
28        android:dataExtractionRules="@xml/data_extraction_rules"
28-->src\main\AndroidManifest.xml:15:9-65
29        android:debuggable="true"
30        android:extractNativeLibs="false"
31        android:fullBackupContent="@xml/backup_rules"
31-->src\main\AndroidManifest.xml:16:9-54
32        android:icon="@android:drawable/sym_def_app_icon"
32-->src\main\AndroidManifest.xml:17:9-58
33        android:label="LivingPhone"
33-->src\main\AndroidManifest.xml:18:9-36
34        android:roundIcon="@android:drawable/sym_def_app_icon"
34-->src\main\AndroidManifest.xml:19:9-63
35        android:supportsRtl="true"
35-->src\main\AndroidManifest.xml:20:9-35
36        android:theme="@style/Theme.LivingPhone" >
36-->src\main\AndroidManifest.xml:21:9-49
37        <activity
37-->src\main\AndroidManifest.xml:24:9-32:20
38            android:name="com.tinkerhub.livingphone.ui.MainActivity"
38-->src\main\AndroidManifest.xml:25:13-44
39            android:exported="true"
39-->src\main\AndroidManifest.xml:26:13-36
40            android:theme="@style/Theme.LivingPhone" >
40-->src\main\AndroidManifest.xml:27:13-53
41            <intent-filter>
41-->src\main\AndroidManifest.xml:28:13-31:29
42                <action android:name="android.intent.action.MAIN" />
42-->src\main\AndroidManifest.xml:29:17-69
42-->src\main\AndroidManifest.xml:29:25-66
43
44                <category android:name="android.intent.category.LAUNCHER" />
44-->src\main\AndroidManifest.xml:30:17-77
44-->src\main\AndroidManifest.xml:30:27-74
45            </intent-filter>
46        </activity>
47
48        <service
48-->src\main\AndroidManifest.xml:34:9-41:19
49            android:name="com.tinkerhub.livingphone.service.LivingPhoneService"
49-->src\main\AndroidManifest.xml:35:13-55
50            android:enabled="true"
50-->src\main\AndroidManifest.xml:36:13-35
51            android:exported="false"
51-->src\main\AndroidManifest.xml:37:13-37
52            android:foregroundServiceType="specialUse" >
52-->src\main\AndroidManifest.xml:38:13-55
53            <property
53-->src\main\AndroidManifest.xml:39:13-40:125
54                android:name="android.app.PROPERTY_SPECIAL_USE_FGS_SUBTYPE"
54-->src\main\AndroidManifest.xml:39:23-82
55                android:value="Running environmental sensors and power status tracking for sentient companion app." />
55-->src\main\AndroidManifest.xml:40:23-122
56        </service>
57
58        <receiver
58-->src\main\AndroidManifest.xml:43:9-50:20
59            android:name="com.tinkerhub.livingphone.service.BootReceiver"
59-->src\main\AndroidManifest.xml:44:13-49
60            android:enabled="true"
60-->src\main\AndroidManifest.xml:45:13-35
61            android:exported="true" >
61-->src\main\AndroidManifest.xml:46:13-36
62            <intent-filter>
62-->src\main\AndroidManifest.xml:47:13-49:29
63                <action android:name="android.intent.action.BOOT_COMPLETED" />
63-->src\main\AndroidManifest.xml:48:17-79
63-->src\main\AndroidManifest.xml:48:25-76
64            </intent-filter>
65        </receiver>
66
67        <provider
67-->[androidx.emoji2:emoji2:1.4.0] AndroidManifest.xml:24:9-32:20
68            android:name="androidx.startup.InitializationProvider"
68-->[androidx.emoji2:emoji2:1.4.0] AndroidManifest.xml:25:13-67
69            android:authorities="com.tinkerhub.livingphone.androidx-startup"
69-->[androidx.emoji2:emoji2:1.4.0] AndroidManifest.xml:26:13-68
70            android:exported="false" >
70-->[androidx.emoji2:emoji2:1.4.0] AndroidManifest.xml:27:13-37
71            <meta-data
71-->[androidx.emoji2:emoji2:1.4.0] AndroidManifest.xml:29:13-31:52
72                android:name="androidx.emoji2.text.EmojiCompatInitializer"
72-->[androidx.emoji2:emoji2:1.4.0] AndroidManifest.xml:30:17-75
73                android:value="androidx.startup" />
73-->[androidx.emoji2:emoji2:1.4.0] AndroidManifest.xml:31:17-49
74            <meta-data
74-->[androidx.lifecycle:lifecycle-process:2.7.0] AndroidManifest.xml:29:13-31:52
75                android:name="androidx.lifecycle.ProcessLifecycleInitializer"
75-->[androidx.lifecycle:lifecycle-process:2.7.0] AndroidManifest.xml:30:17-78
76                android:value="androidx.startup" />
76-->[androidx.lifecycle:lifecycle-process:2.7.0] AndroidManifest.xml:31:17-49
77            <meta-data
77-->[androidx.profileinstaller:profileinstaller:1.3.0] AndroidManifest.xml:29:13-31:52
78                android:name="androidx.profileinstaller.ProfileInstallerInitializer"
78-->[androidx.profileinstaller:profileinstaller:1.3.0] AndroidManifest.xml:30:17-85
79                android:value="androidx.startup" />
79-->[androidx.profileinstaller:profileinstaller:1.3.0] AndroidManifest.xml:31:17-49
80        </provider>
81
82        <receiver
82-->[androidx.profileinstaller:profileinstaller:1.3.0] AndroidManifest.xml:34:9-52:20
83            android:name="androidx.profileinstaller.ProfileInstallReceiver"
83-->[androidx.profileinstaller:profileinstaller:1.3.0] AndroidManifest.xml:35:13-76
84            android:directBootAware="false"
84-->[androidx.profileinstaller:profileinstaller:1.3.0] AndroidManifest.xml:36:13-44
85            android:enabled="true"
85-->[androidx.profileinstaller:profileinstaller:1.3.0] AndroidManifest.xml:37:13-35
86            android:exported="true"
86-->[androidx.profileinstaller:profileinstaller:1.3.0] AndroidManifest.xml:38:13-36
87            android:permission="android.permission.DUMP" >
87-->[androidx.profileinstaller:profileinstaller:1.3.0] AndroidManifest.xml:39:13-57
88            <intent-filter>
88-->[androidx.profileinstaller:profileinstaller:1.3.0] AndroidManifest.xml:40:13-42:29
89                <action android:name="androidx.profileinstaller.action.INSTALL_PROFILE" />
89-->[androidx.profileinstaller:profileinstaller:1.3.0] AndroidManifest.xml:41:17-91
89-->[androidx.profileinstaller:profileinstaller:1.3.0] AndroidManifest.xml:41:25-88
90            </intent-filter>
91            <intent-filter>
91-->[androidx.profileinstaller:profileinstaller:1.3.0] AndroidManifest.xml:43:13-45:29
92                <action android:name="androidx.profileinstaller.action.SKIP_FILE" />
92-->[androidx.profileinstaller:profileinstaller:1.3.0] AndroidManifest.xml:44:17-85
92-->[androidx.profileinstaller:profileinstaller:1.3.0] AndroidManifest.xml:44:25-82
93            </intent-filter>
94            <intent-filter>
94-->[androidx.profileinstaller:profileinstaller:1.3.0] AndroidManifest.xml:46:13-48:29
95                <action android:name="androidx.profileinstaller.action.SAVE_PROFILE" />
95-->[androidx.profileinstaller:profileinstaller:1.3.0] AndroidManifest.xml:47:17-88
95-->[androidx.profileinstaller:profileinstaller:1.3.0] AndroidManifest.xml:47:25-85
96            </intent-filter>
97            <intent-filter>
97-->[androidx.profileinstaller:profileinstaller:1.3.0] AndroidManifest.xml:49:13-51:29
98                <action android:name="androidx.profileinstaller.action.BENCHMARK_OPERATION" />
98-->[androidx.profileinstaller:profileinstaller:1.3.0] AndroidManifest.xml:50:17-95
98-->[androidx.profileinstaller:profileinstaller:1.3.0] AndroidManifest.xml:50:25-92
99            </intent-filter>
100        </receiver>
101    </application>
102
103</manifest>